-------------------------------------------------------------------------------
Test set: com.devops.Inventory.UnitTest
-------------------------------------------------------------------------------
Tests run: 6, Failures: 0, Errors: 6, Skipped: 0, Time elapsed: 187.313 sec <<< FAILURE! - in com.devops.Inventory.UnitTest
testLoginSuccess(com.devops.Inventory.UnitTest)  Time elapsed: 37.177 sec  <<< ERROR!
com.mongodb.MongoTimeoutException: Timed out after 30000 ms while waiting to connect. Client view of cluster state is {type=UNKNOWN, servers=[{address=localhost:27017, type=UNKNOWN, state=CONNECTING, exception={com.mongodb.MongoSocketOpenException: Exception opening socket}, caused by {java.net.ConnectException: Connection refused: connect}}]
	at com.mongodb.connection.BaseCluster.getDescription(BaseCluster.java:167)
	at com.mongodb.Mongo.getConnectedClusterDescription(Mongo.java:881)
	at com.mongodb.Mongo.createClientSession(Mongo.java:873)
	at com.mongodb.Mongo$3.getClientSession(Mongo.java:862)
	at com.mongodb.Mongo$3.execute(Mongo.java:819)
	at com.mongodb.Mongo$3.execute(Mongo.java:809)
	at com.mongodb.DBCollection.getCount(DBCollection.java:1002)
	at com.mongodb.DBCursor.count(DBCursor.java:668)
	at com.devops.Inventory.ProcessLogin.Login(ProcessLogin.java:135)
	at com.devops.Inventory.UnitTest.testLoginSuccess(UnitTest.java:21)

testDisplayInvSuccess(com.devops.Inventory.UnitTest)  Time elapsed: 30.081 sec  <<< ERROR!
com.mongodb.MongoTimeoutException: Timed out after 30000 ms while waiting to connect. Client view of cluster state is {type=UNKNOWN, servers=[{address=localhost:27017, type=UNKNOWN, state=CONNECTING, exception={com.mongodb.MongoSocketOpenException: Exception opening socket}, caused by {java.net.ConnectException: Connection refused: connect}}]
	at com.mongodb.connection.BaseCluster.getDescription(BaseCluster.java:167)
	at com.mongodb.Mongo.getConnectedClusterDescription(Mongo.java:881)
	at com.mongodb.Mongo.createClientSession(Mongo.java:873)
	at com.mongodb.Mongo$3.getClientSession(Mongo.java:862)
	at com.mongodb.Mongo$3.execute(Mongo.java:819)
	at com.mongodb.Mongo$3.execute(Mongo.java:809)
	at com.mongodb.DBCollection.getCount(DBCollection.java:1002)
	at com.mongodb.DBCursor.count(DBCursor.java:668)
	at com.devops.Inventory.DisplayInventory.DisplayInv(DisplayInventory.java:161)
	at com.devops.Inventory.UnitTest.testDisplayInvSuccess(UnitTest.java:34)

testLoginFailure(com.devops.Inventory.UnitTest)  Time elapsed: 30.008 sec  <<< ERROR!
com.mongodb.MongoTimeoutException: Timed out after 30000 ms while waiting to connect. Client view of cluster state is {type=UNKNOWN, servers=[{address=localhost:27017, type=UNKNOWN, state=CONNECTING, exception={com.mongodb.MongoSocketOpenException: Exception opening socket}, caused by {java.net.ConnectException: Connection refused: connect}}]
	at com.mongodb.connection.BaseCluster.getDescription(BaseCluster.java:167)
	at com.mongodb.Mongo.getConnectedClusterDescription(Mongo.java:881)
	at com.mongodb.Mongo.createClientSession(Mongo.java:873)
	at com.mongodb.Mongo$3.getClientSession(Mongo.java:862)
	at com.mongodb.Mongo$3.execute(Mongo.java:819)
	at com.mongodb.Mongo$3.execute(Mongo.java:809)
	at com.mongodb.DBCollection.getCount(DBCollection.java:1002)
	at com.mongodb.DBCursor.count(DBCursor.java:668)
	at com.devops.Inventory.ProcessLogin.Login(ProcessLogin.java:135)
	at com.devops.Inventory.UnitTest.testLoginFailure(UnitTest.java:28)

testDisplayInvFailure(com.devops.Inventory.UnitTest)  Time elapsed: 30.03 sec  <<< ERROR!
com.mongodb.MongoTimeoutException: Timed out after 30000 ms while waiting to connect. Client view of cluster state is {type=UNKNOWN, servers=[{address=localhost:27017, type=UNKNOWN, state=CONNECTING, exception={com.mongodb.MongoSocketOpenException: Exception opening socket}, caused by {java.net.ConnectException: Connection refused: connect}}]
	at com.mongodb.connection.BaseCluster.getDescription(BaseCluster.java:167)
	at com.mongodb.Mongo.getConnectedClusterDescription(Mongo.java:881)
	at com.mongodb.Mongo.createClientSession(Mongo.java:873)
	at com.mongodb.Mongo$3.getClientSession(Mongo.java:862)
	at com.mongodb.Mongo$3.execute(Mongo.java:819)
	at com.mongodb.Mongo$3.execute(Mongo.java:809)
	at com.mongodb.DBCollection.getCount(DBCollection.java:1002)
	at com.mongodb.DBCursor.count(DBCursor.java:668)
	at com.devops.Inventory.DisplayInventory.DisplayInv(DisplayInventory.java:161)
	at com.devops.Inventory.UnitTest.testDisplayInvFailure(UnitTest.java:41)

testAddInvSuccess(com.devops.Inventory.UnitTest)  Time elapsed: 29.999 sec  <<< ERROR!
com.mongodb.MongoTimeoutException: Timed out after 30000 ms while waiting to connect. Client view of cluster state is {type=UNKNOWN, servers=[{address=localhost:27017, type=UNKNOWN, state=CONNECTING, exception={com.mongodb.MongoSocketOpenException: Exception opening socket}, caused by {java.net.ConnectException: Connection refused: connect}}]
	at com.mongodb.connection.BaseCluster.getDescription(BaseCluster.java:167)
	at com.mongodb.Mongo.getConnectedClusterDescription(Mongo.java:881)
	at com.mongodb.Mongo.createClientSession(Mongo.java:873)
	at com.mongodb.Mongo$3.getClientSession(Mongo.java:862)
	at com.mongodb.Mongo$3.execute(Mongo.java:819)
	at com.mongodb.Mongo$3.execute(Mongo.java:809)
	at com.mongodb.DBCollection.getCount(DBCollection.java:1002)
	at com.mongodb.DBCursor.count(DBCursor.java:668)
	at com.devops.Inventory.AddInventory.AddInv(AddInventory.java:168)
	at com.devops.Inventory.UnitTest.testAddInvSuccess(UnitTest.java:49)

testAddInvFailure(com.devops.Inventory.UnitTest)  Time elapsed: 30.011 sec  <<< ERROR!
com.mongodb.MongoTimeoutException: Timed out after 30000 ms while waiting to connect. Client view of cluster state is {type=UNKNOWN, servers=[{address=localhost:27017, type=UNKNOWN, state=CONNECTING, exception={com.mongodb.MongoSocketOpenException: Exception opening socket}, caused by {java.net.ConnectException: Connection refused: connect}}]
	at com.mongodb.connection.BaseCluster.getDescription(BaseCluster.java:167)
	at com.mongodb.Mongo.getConnectedClusterDescription(Mongo.java:881)
	at com.mongodb.Mongo.createClientSession(Mongo.java:873)
	at com.mongodb.Mongo$3.getClientSession(Mongo.java:862)
	at com.mongodb.Mongo$3.execute(Mongo.java:819)
	at com.mongodb.Mongo$3.execute(Mongo.java:809)
	at com.mongodb.DBCollection.getCount(DBCollection.java:1002)
	at com.mongodb.DBCursor.count(DBCursor.java:668)
	at com.devops.Inventory.AddInventory.AddInv(AddInventory.java:168)
	at com.devops.Inventory.UnitTest.testAddInvFailure(UnitTest.java:56)

