<?xml version="1.0" encoding="UTF-8"?>
<testsuite name="com.devops.Inventory.UnitTest" time="72.668" tests="5" errors="1" skipped="0" failures="0">
  <properties>
[...]
</properties>
  <testcase name="testLoginSuccess" classname="com.devops.Inventory.UnitTest" time="54.402">
    <error message="Timed out after 30000 ms while waiting to connect. Client view of cluster state is {type=UNKNOWN, servers=[{address=localhost:27017, type=UNKNOWN, state=CONNECTING, exception={com.mongodb.MongoSocketReadTimeoutException: Timeout while receiving message}, caused by {java.net.SocketTimeoutException: Read timed out}}]" type="com.mongodb.MongoTimeoutException">com.mongodb.MongoTimeoutException: Timed out after 30000 ms while waiting to connect. Client view of cluster state is {type=UNKNOWN, servers=[{address=localhost:27017, type=UNKNOWN, state=CONNECTING, exception={com.mongodb.MongoSocketReadTimeoutException: Timeout while receiving message}, caused by {java.net.SocketTimeoutException: Read timed out}}]
	at com.mongodb.connection.BaseCluster.getDescription(BaseCluster.java:167)
	at com.mongodb.Mongo.getConnectedClusterDescription(Mongo.java:881)
	at com.mongodb.Mongo.createClientSession(Mongo.java:873)
	at com.mongodb.Mongo$3.getClientSession(Mongo.java:862)
	at com.mongodb.Mongo$3.execute(Mongo.java:819)
	at com.mongodb.Mongo$3.execute(Mongo.java:809)
	at com.mongodb.DBCollection.getCount(DBCollection.java:1002)
	at com.mongodb.DBCursor.count(DBCursor.java:668)
	at com.devops.Inventory.ProcessLogin.Login(ProcessLogin.java:135)
	at com.devops.Inventory.UnitTest.testLoginSuccess(UnitTest.java:21)
</error>
    <system-out><![CDATA[###########  Current Dir: ############E:\Users\SARAN\workspace\Inventory\.
############  Value of file path is:   ############E:\Users\SARAN\workspace\Inventory\conf\Inventory.json
############  Value of ip is:   ############localhost
]]></system-out>
    <system-err><![CDATA[Sep 26, 2018 4:59:16 PM com.mongodb.diagnostics.logging.JULLogger log
INFO: Cluster created with settings {hosts=[localhost:27017], mode=SINGLE, requiredClusterType=UNKNOWN, serverSelectionTimeout='30000 ms', maxWaitQueueSize=50}
Sep 26, 2018 4:59:19 PM com.mongodb.diagnostics.logging.JULLogger log
INFO: Cluster description not yet available. Waiting for 30000 ms before timing out
Sep 26, 2018 4:59:40 PM com.mongodb.diagnostics.logging.JULLogger log
INFO: Exception in monitor thread while connecting to server localhost:27017
com.mongodb.MongoSocketReadTimeoutException: Timeout while receiving message
	at com.mongodb.connection.InternalStreamConnection.translateReadException(InternalStreamConnection.java:530)
	at com.mongodb.connection.InternalStreamConnection.receiveMessage(InternalStreamConnection.java:421)
	at com.mongodb.connection.InternalStreamConnection.receiveCommandMessageResponse(InternalStreamConnection.java:290)
	at com.mongodb.connection.InternalStreamConnection.sendAndReceive(InternalStreamConnection.java:255)
	at com.mongodb.connection.CommandHelper.sendAndReceive(CommandHelper.java:84)
	at com.mongodb.connection.CommandHelper.executeCommand(CommandHelper.java:34)
	at com.mongodb.connection.InternalStreamConnectionInitializer.initializeConnectionDescription(InternalStreamConnectionInitializer.java:91)
	at com.mongodb.connection.InternalStreamConnectionInitializer.initialize(InternalStreamConnectionInitializer.java:51)
	at com.mongodb.connection.InternalStreamConnection.open(InternalStreamConnection.java:127)
	at com.mongodb.connection.DefaultServerMonitor$ServerMonitorRunnable.run(DefaultServerMonitor.java:114)
	at java.lang.Thread.run(Thread.java:748)
Caused by: java.net.SocketTimeoutException: Read timed out
	at java.net.SocketInputStream.socketRead0(Native Method)
	at java.net.SocketInputStream.socketRead(SocketInputStream.java:116)
	at java.net.SocketInputStream.read(SocketInputStream.java:171)
	at java.net.SocketInputStream.read(SocketInputStream.java:141)
	at com.mongodb.connection.SocketStream.read(SocketStream.java:84)
	at com.mongodb.connection.InternalStreamConnection.receiveResponseBuffers(InternalStreamConnection.java:547)
	at com.mongodb.connection.InternalStreamConnection.receiveMessage(InternalStreamConnection.java:418)
	... 9 more

]]></system-err>
  </testcase>
  <testcase name="testDisplayInvSuccess" classname="com.devops.Inventory.UnitTest" time="16.202"/>
  <testcase name="testLoginFailure" classname="com.devops.Inventory.UnitTest" time="0.696"/>
  <testcase name="testDisplayInvFailure" classname="com.devops.Inventory.UnitTest" time="0.63"/>
  <testcase name="testAddInvSuccess" classname="com.devops.Inventory.UnitTest" time="0.738"/>
</testsuite>