<?xml version="1.0" encoding="UTF-8"?>
<testsuite xmlns:xsi="http://www.w3.org/2001/XMLSchema-instance" xsi:schemaLocation="https://maven.apache.org/surefire/maven-surefire-plugin/xsd/surefire-test-report.xsd" name="com.devops.Bookstore.IntegrationTest" time="10.232" tests="2" errors="2" skipped="0" failures="0">
  <properties>
[...]
</properties>
  <testcase name="shouldLogin" classname="com.devops.Bookstore.IntegrationTest" time="7.698">
    <error message="java.net.SocketException: Connection reset&#10;Build info: version: &apos;3.8.1&apos;, revision: &apos;6e95a6684b&apos;, time: &apos;2017-12-01T18:33:54.468Z&apos;&#10;System info: host: &apos;SARAN-HP&apos;, ip: &apos;192.168.56.1&apos;, os.name: &apos;Windows 7&apos;, os.arch: &apos;amd64&apos;, os.version: &apos;6.1&apos;, java.version: &apos;1.8.0_131&apos;&#10;Driver info: driver.version: RemoteWebDriver" type="org.openqa.selenium.WebDriverException">org.openqa.selenium.WebDriverException: 
java.net.SocketException: Connection reset
Build info: version: '3.8.1', revision: '6e95a6684b', time: '2017-12-01T18:33:54.468Z'
System info: host: 'SARAN-HP', ip: '192.168.56.1', os.name: 'Windows 7', os.arch: 'amd64', os.version: '6.1', java.version: '1.8.0_131'
Driver info: driver.version: RemoteWebDriver
	at com.devops.Bookstore.IntegrationTest.shouldLogin(IntegrationTest.java:51)
Caused by: java.net.SocketException: Connection reset
	at com.devops.Bookstore.IntegrationTest.shouldLogin(IntegrationTest.java:51)
</error>
    <system-err><![CDATA[Starting ChromeDriver 2.28.455520 (cc17746adff54984afff480136733114c6b3704b) on port 21009
Only local connections are allowed.
Apr 29, 2018 10:36:55 PM org.openqa.selenium.remote.ProtocolHandshake createSession
INFO: Detected dialect: OSS
]]></system-err>
  </testcase>
  <testcase name="com.devops.Bookstore.IntegrationTest" classname="com.devops.Bookstore.IntegrationTest" time="10.23">
    <error message="org.apache.http.conn.HttpHostConnectException: Connect to localhost:21009 [localhost/127.0.0.1, localhost/0:0:0:0:0:0:0:1] failed: Connection refused: connect&#10;Build info: version: &apos;3.8.1&apos;, revision: &apos;6e95a6684b&apos;, time: &apos;2017-12-01T18:33:54.468Z&apos;&#10;System info: host: &apos;SARAN-HP&apos;, ip: &apos;192.168.56.1&apos;, os.name: &apos;Windows 7&apos;, os.arch: &apos;amd64&apos;, os.version: &apos;6.1&apos;, java.version: &apos;1.8.0_131&apos;&#10;Driver info: driver.version: RemoteWebDriver" type="org.openqa.selenium.WebDriverException">org.openqa.selenium.WebDriverException: 
org.apache.http.conn.HttpHostConnectException: Connect to localhost:21009 [localhost/127.0.0.1, localhost/0:0:0:0:0:0:0:1] failed: Connection refused: connect
Build info: version: '3.8.1', revision: '6e95a6684b', time: '2017-12-01T18:33:54.468Z'
System info: host: 'SARAN-HP', ip: '192.168.56.1', os.name: 'Windows 7', os.arch: 'amd64', os.version: '6.1', java.version: '1.8.0_131'
Driver info: driver.version: RemoteWebDriver
	at com.devops.Bookstore.IntegrationTest.cleanUp(IntegrationTest.java:45)
Caused by: org.apache.http.conn.HttpHostConnectException: Connect to localhost:21009 [localhost/127.0.0.1, localhost/0:0:0:0:0:0:0:1] failed: Connection refused: connect
	at com.devops.Bookstore.IntegrationTest.cleanUp(IntegrationTest.java:45)
Caused by: java.net.ConnectException: Connection refused: connect
	at com.devops.Bookstore.IntegrationTest.cleanUp(IntegrationTest.java:45)
</error>
  </testcase>
</testsuite>